<?xml version="1.0" encoding="UTF-8"?>
<testng-results ignored="0" total="1" passed="1" failed="0" skipped="0">
  <reporter-output>
  </reporter-output>
  <suite started-at="2024-02-26T11:18:36 IST" name="Suite" finished-at="2024-02-26T11:18:50 IST" duration-ms="14069">
    <groups>
    </groups>
    <test started-at="2024-02-26T11:18:36 IST" name="Test" finished-at="2024-02-26T11:18:50 IST" duration-ms="14069">
      <class name="com.w3schools.utils.Reports">
        <test-method is-config="true" signature="startReport()[pri:0, instance:com.w3schools.utils.Reports@1033576a]" started-at="2024-02-26T11:18:36 IST" name="startReport" finished-at="2024-02-26T11:18:36 IST" duration-ms="349" status="PASS">
          <reporter-output>
          </reporter-output>
        </test-method> <!-- startReport -->
        <test-method is-config="true" signature="endReport()[pri:0, instance:com.w3schools.utils.Reports@1033576a]" started-at="2024-02-26T11:18:50 IST" name="endReport" finished-at="2024-02-26T11:18:51 IST" duration-ms="606" status="PASS">
          <reporter-output>
          </reporter-output>
        </test-method> <!-- endReport -->
      </class> <!-- com.w3schools.utils.Reports -->
      <class name="com.w3schools.tests.LoginTest">
        <test-method signature="loginW3School()[pri:0, instance:com.w3schools.tests.LoginTest@548a24a]" started-at="2024-02-26T11:18:36 IST" name="loginW3School" finished-at="2024-02-26T11:18:50 IST" duration-ms="14034" status="PASS">
          <reporter-output>
          </reporter-output>
        </test-method> <!-- loginW3School -->
      </class> <!-- com.w3schools.tests.LoginTest -->
    </test> <!-- Test -->
  </suite> <!-- Suite -->
</testng-results>
